<?xml version="1.0" encoding="UTF-8" ?>
<testsuite errors="0" failures="0" hostname="ruben-vm-pc" name="dmains.RgrTest" tests="85" time="19.172" timestamp="2008-02-05T16:07:09">
  <properties>
[...]
</properties>
  <testcase classname="dInternal.dTimeTable.DxTTStructureTest" name="test_fileEmpty" time="0.0" />
  <testcase classname="dInternal.dTimeTable.DxTTStructureTest" name="test_getSchemaFileName" time="0.0" />
  <testcase classname="dInternal.dTimeTable.DxTTStructureTest" name="test_fileBadCloseTag" time="0.0" />
  <testcase classname="dInternal.dTimeTable.DxTTStructureTest" name="test_fileNoOpenTag" time="0.0" />
  <testcase classname="eTest.ByteInputFileTest" name="testFileNotExist" time="0.0" />
  <testcase classname="eTest.ByteInputFileTest" name="testFileNameNull" time="0.0" />
  <testcase classname="eTest.ByteInputFileTest" name="testFileEmpty" time="0.0" />
  <testcase classname="eTest.ByteInputFileTest" name="testFileNonEmpty" time="0.0" />
  <testcase classname="eTest.ByteInputFileTest" name="testFileCountLines" time="0.0" />
  <testcase classname="eTest.ByteOutputFileTest" name="testReadWriteRead" time="0.0" />
  <testcase classname="eTest.FilterFileTest" name="testSimple" time="0.0" />
  <testcase classname="eTest.FilterFileTest" name="testEmptyCollection" time="0.0" />
  <testcase classname="eTest.FilterFileTest" name="testSimple1" time="0.0" />
  <testcase classname="eTest.FilterFileTest" name="testReadFile" time="0.0" />
  <testcase classname="eTest.FilterFileTest" name="testAdjustingLinesLF" time="0.0" />
  <testcase classname="eTest.FilterFileTest" name="testAdjustingLinesCR" time="0.0" />
  <testcase classname="eTest.FilterFileTest" name="testAdjustingLines1" time="0.0" />
  <testcase classname="eTest.FilterFileTest" name="testAdjustingLines2" time="0.0" />
  <testcase classname="eTest.FilterFileTest" name="testAdjustingEndFileLF" time="0.0" />
  <testcase classname="eTest.FilterFileTest" name="testAdjustingEndFileCR" time="0.0" />
  <testcase classname="eTest.FilterFileTest" name="testAdjustingEndFile" time="0.0" />
  <testcase classname="eTest.FilterFileTest" name="testAppendToCharKnown" time="0.0" />
  <testcase classname="eTest.SemiExtendedAsciiFileTest" name="testReadFile" time="0.0" />
  <testcase classname="eTest.SemiExtendedAsciiFileTest" name="testAdjustingLinesLF" time="0.0" />
  <testcase classname="eTest.SemiExtendedAsciiFileTest" name="testAdjustingLinesCR" time="0.0" />
  <testcase classname="eTest.SemiExtendedAsciiFileTest" name="testAdjustingEndFileLF" time="0.0" />
  <testcase classname="eTest.SemiExtendedAsciiFileTest" name="testAdjustingEndFileCR" time="0.0" />
  <testcase classname="eTest.SemiExtendedAsciiFileTest" name="testAdjustingEndFile" time="0.0" />
  <testcase classname="eTest.SemiExtendedAsciiFileTest" name="testAppendToCharKnown" time="0.0" />
  <testcase classname="eTest.SemiExtendedAsciiFileTest" name="testReadValidFile" time="0.0" />
  <testcase classname="eTest.SemiExtendedAsciiFileTest" name="testCharNotValid" time="0.016" />
  <testcase classname="eTest.SemiExtendedAsciiFileTest" name="testAdjustingLinesCRLF" time="0.0" />
  <testcase classname="eTest.SemiExtendedAsciiFileTest" name="testAdjustingLinesManyCRLF" time="0.0" />
  <testcase classname="dTest.dInternal.dOptimizationTest.DxAssignAllAlgTest" name="test_buildScNoAssigned" time="1.547" />
  <testcase classname="dTest.dInternal.dOptimizationTest.DxAssignAllAlgTest" name="test_buildGenNoAssigned" time="6.546" />
  <testcase classname="dTest.dInternal.dOptimizationTest.RoomsConditionsTest" name="test_RoomConfInData5j" time="0.016" />
  <testcase classname="dTest.dInternal.dOptimizationTest.RoomsConditionsTest" name="test_EventsConflictsInData5j" time="0.031" />
  <testcase classname="dTest.dInternal.dOptimizationTest.RoomsConditionsTest" name="test_AvailabilityInData7j" time="0.032" />
  <testcase classname="dTest.dInternal.dOptimizationTest.RoomsConditionsTest" name="test_EventsConflictsData7j" time="0.031" />
  <testcase classname="dInternal.dOptimization.DxAssignRoomsAlgTest" name="test_basicData" time="1.437" />
  <testcase classname="dInternal.dOptimization.DxAssignRoomsAlgTest" name="test_basicData2" time="0.86" />
  <testcase classname="dInternal.dOptimization.DxAssignRoomsAlgTest" name="test_getNumberOfPeriods" time="0.078" />
  <testcase classname="dInternal.dOptimization.DxAssignRoomsAlgTest" name="test_events" time="0.078" />
  <testcase classname="dInternal.dOptimization.DxAssignRoomsAlgTest" name="test_getEvents" time="5.0" />
  <testcase classname="dInternal.dOptimization.DxAssignRoomsAlgTest" name="test_Sort" time="0.0" />
  <testcase classname="dTest.dInternal.dData.DLoadDataTest" name="test_loadTimeTable5j" time="0.0" />
  <testcase classname="dTest.dInternal.dData.DLoadDataTest" name="test1_loadTimeTable5j" time="0.0" />
  <testcase classname="dTest.dInternal.dData.DLoadDataTest" name="test2_loadTimeTable5j" time="0.0" />
  <testcase classname="dTest.dInternal.dData.DLoadDataTest" name="test3_loadTimeTable5j" time="0.0" />
  <testcase classname="dTest.dInternal.dData.DLoadDataTest" name="test4_loadTimeTable5j" time="0.0" />
  <testcase classname="dTest.dInternal.dData.DLoadDataTest" name="test5_loadTimeTable5j" time="0.0" />
  <testcase classname="dTest.dInternal.dData.DLoadDataTest" name="test1_ImportSelective5j" time="0.609" />
  <testcase classname="dTest.dInternal.dData.DLoadDataTest" name="test_loadTimeTable7j" time="0.0" />
  <testcase classname="dTest.dInternal.dData.DLoadDataTest" name="test1_loadTimeTable7j" time="0.0" />
  <testcase classname="dTest.dInternal.dData.DLoadDataTest" name="test2_loadTimeTable7j" time="0.0" />
  <testcase classname="dTest.dInternal.dData.DLoadDataTest" name="test3_loadTimeTable7j" time="0.0" />
  <testcase classname="dTest.dInternal.dData.DLoadDataTest" name="test4_loadTimeTable7j" time="0.0" />
  <testcase classname="dTest.dInternal.dData.DLoadDataTest" name="test5_loadTimeTable7j" time="0.0" />
  <testcase classname="dTest.dInternal.dData.DLoadDataTest" name="test1_ImportSelective7j" time="0.594" />
  <testcase classname="dTest.dInternal.dData.dInstructors.DxInstructorsReaderTest" name="test_exceptionOnFirstLine" time="0.0" />
  <testcase classname="dTest.dInternal.dData.dInstructors.DxInstructorsReaderTest" name="test1_exceptionOnName" time="0.0" />
  <testcase classname="dTest.dInternal.dData.dInstructors.DxInstructorsReaderTest" name="test_numberOfInstructors" time="0.0" />
  <testcase classname="dTest.dInternal.dData.dInstructors.DxInstructorsReaderTest" name="test_badAvailability6" time="0.0" />
  <testcase classname="dTest.dInternal.dData.dInstructors.DxInstructorsReaderTest" name="test_badAvailability3" time="0.0" />
  <testcase classname="dTest.dInternal.dData.dInstructors.DxInstructorsReaderTest" name="test_values" time="0.0" />
  <testcase classname="dTest.dInternal.dData.dInstructors.DxInstructorsReaderTest" name="test_valuesOnDispoInst" time="0.016" />
  <testcase classname="dTest.dInternal.dOptimizationTest.SetOfEventsTest" name="testEvents_5j" time="0.015" />
  <testcase classname="dTest.dInternal.dOptimizationTest.SetOfEventsTest" name="test_addEvents_7j" time="0.532" />
  <testcase classname="dTest.dInternal.dOptimizationTest.ConditionsTest" name="test_initAllConditions5j" time="0.031" />
  <testcase classname="dTest.dInternal.dOptimizationTest.ConditionsTest" name="test_addEventInTTs_1_5j" time="0.031" />
  <testcase classname="dTest.dInternal.dOptimizationTest.ConditionsTest" name="test_removeEventInTTs_5j" time="0.031" />
  <testcase classname="dTest.dInternal.dOptimizationTest.ConditionsTest" name="test_buildAllConditionsDh" time="0.172" />
  <testcase classname="dTest.dInternal.dOptimizationTest.ConditionsTest" name="test_buildAllConditionsInCloneTTS" time="0.266" />
  <testcase classname="dTest.dInternal.dOptimizationTest.ConditionsTest" name="test_initAllConditions7j" time="0.031" />
  <testcase classname="dTest.dInternal.dOptimizationTest.ConditionsTest" name="test_addEventInTTs_1_7j" time="0.031" />
  <testcase classname="dTest.dInternal.dOptimizationTest.ConditionsTest" name="test_addEventInTTs_2_7j" time="0.016" />
  <testcase classname="dTest.dInternal.dOptimizationTest.ConditionsTest" name="test_removeEventInTTs_3_7j" time="0.031" />
  <testcase classname="dTest.dInternal.dData.DSaveDataTest" name="test_saveTTStructure" time="0.188" />
  <testcase classname="dTest.dInternal.dData.DSaveDataTest" name="test_getVersion" time="0.14" />
  <testcase classname="dTest.dInternal.dData.DSaveDataTest" name="test1_saveTimeTable" time="0.125" />
  <testcase classname="dTest.dInternal.dData.DSaveDataTest" name="test2_saveTimeTable" time="0.125" />
  <testcase classname="dTest.dInternal.dData.DSaveDataTest" name="test_loadInstructors" time="0.11" />
  <testcase classname="dTest.dInternal.dData.DSaveDataTest" name="test_loadRooms" time="0.14" />
  <testcase classname="dTest.dInternal.dData.DSaveDataTest" name="test_loadActivities" time="0.125" />
  <testcase classname="dTest.dInternal.dData.DSaveDataTest" name="test_loadStudents" time="0.125" />
  <system-out><![CDATA[Hello I am rgr selected Tests
Bye I was in rgr selected Tests
FACTORY: com.sun.xml.stream.ZephyrParserFactory@152912f
FACTORY: com.sun.xml.stream.ZephyrParserFactory@1609af9
EVENT sE: <DXTimeTable>
EVENT c: 
	
EVENT sE: <TTcycle>
EVENT c: 
		
EVENT sE: <cycleID>
EVENT c: 1
EVENT eE: </cycleID>
EVENT c: 
		
EVENT sE: <pLength>
EVENT c: 60
EVENT eE: </pLength>
EVENT c: 
		
EVENT sE: <TTdays>
EVENT c: 
			
EVENT sE: <TTday>
EVENT c: 
				
EVENT sE: <TTsequences>
EVENT c: 
					
EVENT sE: <TTsequence>
EVENT c: 
						
EVENT sE: <sequenceID>
EVENT c: AM
EVENT eE: </sequenceID>
EVENT c: 
						
EVENT sE: <TTperiods>
EVENT c: 
							
FACTORY: com.sun.xml.stream.ZephyrParserFactory@1daca94
EVENT sE: <DXTimeTable>
EVENT c: 
	
EVENT sE: <TTcycle>
EVENT c: 
		
EVENT sE: <cycleID>
EVENT c: 1
EVENT eE: </cycleID>
EVENT c: 
		
EVENT sE: <pLength>
EVENT c: 60
EVENT eE: </pLength>
EVENT c: 
		
EVENT sE: <TTdays>
EVENT c: 
			
EVENT sE: <TTday>
EVENT c: 
				
EVENT sE: <TTsequences>
EVENT c: 
					
EVENT sE: <TTsequence>
EVENT c: 
						
EVENT sE: <sequenceID>
EVENT c: AM
EVENT eE: </sequenceID>
EVENT c: 
						
EVENT sE: <TTperiods>
EVENT c: 
							
								
EVENT sE: <periodID>
EVENT c: 1
EVENT eE: </periodID>
EVENT c: 
								
EVENT sE: <BeginTime>
EVENT c: 8:15
EVENT eE: </BeginTime>
EVENT c: 
								
EVENT sE: <EndTime>
EVENT c: 9:15
EVENT eE: </EndTime>
EVENT c: 
								
EVENT sE: <priority>
EVENT c: 0
EVENT eE: </priority>
EVENT c: 
							
]]></system-out>
  <system-err><![CDATA[]]></system-err>
</testsuite>
